[2021-12-04T23:46:58.531] [ERROR] LibLog - [Arguments] {
  '0': SyntaxError: Unexpected end of JSON input
      at JSON.parse (<anonymous>)
      at Function.Libs.decodeTokenCrypto (/Volumes/Data/Sources/solars/apiserver/app/utils/Libs.js:597:15)
      at IncomingMessage.<anonymous> (/Volumes/Data/Sources/solars/apiserver/app/core/Router.js:85:23)
      at IncomingMessage.emit (events.js:326:22)
      at IncomingMessage.EventEmitter.emit (domain.js:548:15)
      at endReadableNT (_stream_readable.js:1252:12)
      at processTicksAndRejections (internal/process/task_queues.js:80:21)
}
[2021-12-04T23:48:05.216] [ERROR] LibLog - [Arguments] {
  '0': SyntaxError: Unexpected end of JSON input
      at JSON.parse (<anonymous>)
      at Function.Libs.decodeTokenCrypto (/Volumes/Data/Sources/solars/apiserver/app/utils/Libs.js:597:15)
      at IncomingMessage.<anonymous> (/Volumes/Data/Sources/solars/apiserver/app/core/Router.js:85:23)
      at IncomingMessage.emit (events.js:326:22)
      at IncomingMessage.EventEmitter.emit (domain.js:548:15)
      at endReadableNT (_stream_readable.js:1252:12)
      at processTicksAndRejections (internal/process/task_queues.js:80:21)
}
[2021-12-04T23:48:31.092] [ERROR] LibLog - [Arguments] {
  '0': SyntaxError: Unexpected end of JSON input
      at JSON.parse (<anonymous>)
      at Function.Libs.decodeTokenCrypto (/Volumes/Data/Sources/solars/apiserver/app/utils/Libs.js:597:15)
      at IncomingMessage.<anonymous> (/Volumes/Data/Sources/solars/apiserver/app/core/Router.js:85:23)
      at IncomingMessage.emit (events.js:326:22)
      at IncomingMessage.EventEmitter.emit (domain.js:548:15)
      at endReadableNT (_stream_readable.js:1252:12)
      at processTicksAndRejections (internal/process/task_queues.js:80:21)
}
[2021-12-06T15:17:41.636] [ERROR] LibLog - [Arguments] {
  '0': SyntaxError: Unexpected end of JSON input
      at JSON.parse (<anonymous>)
      at Function.Libs.decodeTokenCrypto (/Volumes/Data/Sources/solars/apiserver/app/utils/Libs.js:597:15)
      at IncomingMessage.<anonymous> (/Volumes/Data/Sources/solars/apiserver/app/core/Router.js:85:23)
      at IncomingMessage.emit (events.js:326:22)
      at IncomingMessage.EventEmitter.emit (domain.js:548:15)
      at endReadableNT (_stream_readable.js:1252:12)
      at processTicksAndRejections (internal/process/task_queues.js:80:21)
}
[2021-12-06T15:17:46.179] [ERROR] LibLog - [Arguments] {
  '0': SyntaxError: Unexpected end of JSON input
      at JSON.parse (<anonymous>)
      at Function.Libs.decodeTokenCrypto (/Volumes/Data/Sources/solars/apiserver/app/utils/Libs.js:597:15)
      at IncomingMessage.<anonymous> (/Volumes/Data/Sources/solars/apiserver/app/core/Router.js:85:23)
      at IncomingMessage.emit (events.js:326:22)
      at IncomingMessage.EventEmitter.emit (domain.js:548:15)
      at endReadableNT (_stream_readable.js:1252:12)
      at processTicksAndRejections (internal/process/task_queues.js:80:21)
}
[2021-12-06T15:18:11.282] [ERROR] LibLog - [Arguments] {
  '0': SyntaxError: Unexpected end of JSON input
      at JSON.parse (<anonymous>)
      at Function.Libs.decodeTokenCrypto (/Volumes/Data/Sources/solars/apiserver/app/utils/Libs.js:597:15)
      at IncomingMessage.<anonymous> (/Volumes/Data/Sources/solars/apiserver/app/core/Router.js:85:23)
      at IncomingMessage.emit (events.js:326:22)
      at IncomingMessage.EventEmitter.emit (domain.js:548:15)
      at endReadableNT (_stream_readable.js:1252:12)
      at processTicksAndRejections (internal/process/task_queues.js:80:21)
}
[2021-12-06T15:18:48.243] [ERROR] LibLog - [Arguments] {
  '0': SyntaxError: Unexpected end of JSON input
      at JSON.parse (<anonymous>)
      at Function.Libs.decodeTokenCrypto (/Volumes/Data/Sources/solars/apiserver/app/utils/Libs.js:597:15)
      at IncomingMessage.<anonymous> (/Volumes/Data/Sources/solars/apiserver/app/core/Router.js:85:23)
      at IncomingMessage.emit (events.js:326:22)
      at IncomingMessage.EventEmitter.emit (domain.js:548:15)
      at endReadableNT (_stream_readable.js:1252:12)
      at processTicksAndRejections (internal/process/task_queues.js:80:21)
}
[2021-12-06T15:19:11.281] [ERROR] LibLog - [Arguments] {
  '0': SyntaxError: Unexpected end of JSON input
      at JSON.parse (<anonymous>)
      at Function.Libs.decodeTokenCrypto (/Volumes/Data/Sources/solars/apiserver/app/utils/Libs.js:597:15)
      at IncomingMessage.<anonymous> (/Volumes/Data/Sources/solars/apiserver/app/core/Router.js:85:23)
      at IncomingMessage.emit (events.js:326:22)
      at IncomingMessage.EventEmitter.emit (domain.js:548:15)
      at endReadableNT (_stream_readable.js:1252:12)
      at processTicksAndRejections (internal/process/task_queues.js:80:21)
}
[2021-12-06T15:20:47.180] [ERROR] LibLog - [Arguments] {
  '0': SyntaxError: Unexpected end of JSON input
      at JSON.parse (<anonymous>)
      at Function.Libs.decodeTokenCrypto (/Volumes/Data/Sources/solars/apiserver/app/utils/Libs.js:597:15)
      at IncomingMessage.<anonymous> (/Volumes/Data/Sources/solars/apiserver/app/core/Router.js:85:23)
      at IncomingMessage.emit (events.js:326:22)
      at IncomingMessage.EventEmitter.emit (domain.js:548:15)
      at endReadableNT (_stream_readable.js:1252:12)
      at processTicksAndRejections (internal/process/task_queues.js:80:21)
}
[2021-12-06T15:27:10.110] [ERROR] LibLog - [Arguments] {
  '0': SyntaxError: Unexpected end of JSON input
      at JSON.parse (<anonymous>)
      at Function.Libs.decodeTokenCrypto (/Volumes/Data/Sources/solars/apiserver/app/utils/Libs.js:597:15)
      at IncomingMessage.<anonymous> (/Volumes/Data/Sources/solars/apiserver/app/core/Router.js:85:23)
      at IncomingMessage.emit (events.js:326:22)
      at IncomingMessage.EventEmitter.emit (domain.js:548:15)
      at endReadableNT (_stream_readable.js:1252:12)
      at processTicksAndRejections (internal/process/task_queues.js:80:21)
}
[2021-12-12T13:51:01.945] [ERROR] LibLog - [Arguments] {
  '0': SyntaxError: Unexpected end of JSON input
      at JSON.parse (<anonymous>)
      at Function.Libs.decodeTokenCrypto (/Volumes/Data/Sources/solars/apiserver/app/utils/Libs.js:597:15)
      at IncomingMessage.<anonymous> (/Volumes/Data/Sources/solars/apiserver/app/core/Router.js:85:23)
      at IncomingMessage.emit (events.js:326:22)
      at IncomingMessage.EventEmitter.emit (domain.js:548:15)
      at endReadableNT (_stream_readable.js:1252:12)
      at processTicksAndRejections (internal/process/task_queues.js:80:21)
}
[2021-12-12T15:42:55.842] [ERROR] LibLog - [Arguments] {
  '0': SyntaxError: Unexpected end of JSON input
      at JSON.parse (<anonymous>)
      at Function.Libs.decodeTokenCrypto (/Volumes/Data/Sources/solars/apiserver/app/utils/Libs.js:597:15)
      at IncomingMessage.<anonymous> (/Volumes/Data/Sources/solars/apiserver/app/core/Router.js:85:23)
      at IncomingMessage.emit (events.js:326:22)
      at IncomingMessage.EventEmitter.emit (domain.js:548:15)
      at endReadableNT (_stream_readable.js:1252:12)
      at processTicksAndRejections (internal/process/task_queues.js:80:21)
}
[2021-12-12T15:43:33.036] [ERROR] LibLog - [Arguments] {
  '0': SyntaxError: Unexpected end of JSON input
      at JSON.parse (<anonymous>)
      at Function.Libs.decodeTokenCrypto (/Volumes/Data/Sources/solars/apiserver/app/utils/Libs.js:597:15)
      at IncomingMessage.<anonymous> (/Volumes/Data/Sources/solars/apiserver/app/core/Router.js:85:23)
      at IncomingMessage.emit (events.js:326:22)
      at IncomingMessage.EventEmitter.emit (domain.js:548:15)
      at endReadableNT (_stream_readable.js:1252:12)
      at processTicksAndRejections (internal/process/task_queues.js:80:21)
}
[2021-12-12T15:50:47.929] [ERROR] LibLog - [Arguments] {
  '0': SyntaxError: Unexpected end of JSON input
      at JSON.parse (<anonymous>)
      at Function.Libs.decodeTokenCrypto (/Volumes/Data/Sources/solars/apiserver/app/utils/Libs.js:597:15)
      at IncomingMessage.<anonymous> (/Volumes/Data/Sources/solars/apiserver/app/core/Router.js:85:23)
      at IncomingMessage.emit (events.js:326:22)
      at IncomingMessage.EventEmitter.emit (domain.js:548:15)
      at endReadableNT (_stream_readable.js:1252:12)
      at processTicksAndRejections (internal/process/task_queues.js:80:21)
}
[2021-12-12T15:51:08.681] [ERROR] LibLog - [Arguments] {
  '0': SyntaxError: Unexpected end of JSON input
      at JSON.parse (<anonymous>)
      at Function.Libs.decodeTokenCrypto (/Volumes/Data/Sources/solars/apiserver/app/utils/Libs.js:597:15)
      at IncomingMessage.<anonymous> (/Volumes/Data/Sources/solars/apiserver/app/core/Router.js:85:23)
      at IncomingMessage.emit (events.js:326:22)
      at IncomingMessage.EventEmitter.emit (domain.js:548:15)
      at endReadableNT (_stream_readable.js:1252:12)
      at processTicksAndRejections (internal/process/task_queues.js:80:21)
}
[2021-12-12T15:52:29.427] [ERROR] LibLog - [Arguments] {
  '0': SyntaxError: Unexpected end of JSON input
      at JSON.parse (<anonymous>)
      at Function.Libs.decodeTokenCrypto (/Volumes/Data/Sources/solars/apiserver/app/utils/Libs.js:597:15)
      at IncomingMessage.<anonymous> (/Volumes/Data/Sources/solars/apiserver/app/core/Router.js:85:23)
      at IncomingMessage.emit (events.js:326:22)
      at IncomingMessage.EventEmitter.emit (domain.js:548:15)
      at endReadableNT (_stream_readable.js:1252:12)
      at processTicksAndRejections (internal/process/task_queues.js:80:21)
}
[2021-12-12T15:53:03.302] [ERROR] LibLog - [Arguments] {
  '0': SyntaxError: Unexpected end of JSON input
      at JSON.parse (<anonymous>)
      at Function.Libs.decodeTokenCrypto (/Volumes/Data/Sources/solars/apiserver/app/utils/Libs.js:597:15)
      at IncomingMessage.<anonymous> (/Volumes/Data/Sources/solars/apiserver/app/core/Router.js:85:23)
      at IncomingMessage.emit (events.js:326:22)
      at IncomingMessage.EventEmitter.emit (domain.js:548:15)
      at endReadableNT (_stream_readable.js:1252:12)
      at processTicksAndRejections (internal/process/task_queues.js:80:21)
}
[2021-12-12T15:54:03.819] [ERROR] LibLog - [Arguments] {
  '0': SyntaxError: Unexpected end of JSON input
      at JSON.parse (<anonymous>)
      at Function.Libs.decodeTokenCrypto (/Volumes/Data/Sources/solars/apiserver/app/utils/Libs.js:597:15)
      at IncomingMessage.<anonymous> (/Volumes/Data/Sources/solars/apiserver/app/core/Router.js:85:23)
      at IncomingMessage.emit (events.js:326:22)
      at IncomingMessage.EventEmitter.emit (domain.js:548:15)
      at endReadableNT (_stream_readable.js:1252:12)
      at processTicksAndRejections (internal/process/task_queues.js:80:21)
}
[2021-12-14T23:23:35.424] [ERROR] LibLog - [Arguments] {
  '0': SyntaxError: Unexpected end of JSON input
      at JSON.parse (<anonymous>)
      at Function.Libs.decodeTokenCrypto (/Volumes/Data/Sources/solars/apiserver/app/utils/Libs.js:597:15)
      at IncomingMessage.<anonymous> (/Volumes/Data/Sources/solars/apiserver/app/core/Router.js:85:23)
      at IncomingMessage.emit (events.js:326:22)
      at IncomingMessage.EventEmitter.emit (domain.js:548:15)
      at endReadableNT (_stream_readable.js:1252:12)
      at processTicksAndRejections (internal/process/task_queues.js:80:21)
}
[2021-12-14T23:23:46.925] [ERROR] LibLog - [Arguments] {
  '0': SyntaxError: Unexpected end of JSON input
      at JSON.parse (<anonymous>)
      at Function.Libs.decodeTokenCrypto (/Volumes/Data/Sources/solars/apiserver/app/utils/Libs.js:597:15)
      at IncomingMessage.<anonymous> (/Volumes/Data/Sources/solars/apiserver/app/core/Router.js:85:23)
      at IncomingMessage.emit (events.js:326:22)
      at IncomingMessage.EventEmitter.emit (domain.js:548:15)
      at endReadableNT (_stream_readable.js:1252:12)
      at processTicksAndRejections (internal/process/task_queues.js:80:21)
}
[2021-12-15T22:27:39.311] [ERROR] LibLog - [Arguments] {
  '0': SyntaxError: Unexpected end of JSON input
      at JSON.parse (<anonymous>)
      at Function.Libs.decodeTokenCrypto (/Volumes/Data/Sources/solars/apiserver/app/utils/Libs.js:597:15)
      at IncomingMessage.<anonymous> (/Volumes/Data/Sources/solars/apiserver/app/core/Router.js:85:23)
      at IncomingMessage.emit (events.js:326:22)
      at IncomingMessage.EventEmitter.emit (domain.js:548:15)
      at endReadableNT (_stream_readable.js:1252:12)
      at processTicksAndRejections (internal/process/task_queues.js:80:21)
}
[2021-12-16T01:04:42.579] [ERROR] LibLog - [Arguments] {
  '0': SyntaxError: Unexpected end of JSON input
      at JSON.parse (<anonymous>)
      at Function.Libs.decodeTokenCrypto (/Volumes/Data/Sources/solars/apiserver/app/utils/Libs.js:597:15)
      at IncomingMessage.<anonymous> (/Volumes/Data/Sources/solars/apiserver/app/core/Router.js:85:23)
      at IncomingMessage.emit (events.js:326:22)
      at IncomingMessage.EventEmitter.emit (domain.js:548:15)
      at endReadableNT (_stream_readable.js:1252:12)
      at processTicksAndRejections (internal/process/task_queues.js:80:21)
}
[2021-12-16T01:04:56.254] [ERROR] LibLog - [Arguments] {
  '0': SyntaxError: Unexpected end of JSON input
      at JSON.parse (<anonymous>)
      at Function.Libs.decodeTokenCrypto (/Volumes/Data/Sources/solars/apiserver/app/utils/Libs.js:597:15)
      at IncomingMessage.<anonymous> (/Volumes/Data/Sources/solars/apiserver/app/core/Router.js:85:23)
      at IncomingMessage.emit (events.js:326:22)
      at IncomingMessage.EventEmitter.emit (domain.js:548:15)
      at endReadableNT (_stream_readable.js:1252:12)
      at processTicksAndRejections (internal/process/task_queues.js:80:21)
}
[2021-12-25T17:47:49.639] [ERROR] LibLog - [Arguments] {
  '0': SyntaxError: Unexpected end of JSON input
      at JSON.parse (<anonymous>)
      at Function.Libs.decodeTokenCrypto (/Volumes/Data/Sources/solars/apiserver/app/utils/Libs.js:597:15)
      at IncomingMessage.<anonymous> (/Volumes/Data/Sources/solars/apiserver/app/core/Router.js:85:23)
      at IncomingMessage.emit (events.js:326:22)
      at IncomingMessage.EventEmitter.emit (domain.js:548:15)
      at endReadableNT (_stream_readable.js:1252:12)
      at processTicksAndRejections (internal/process/task_queues.js:80:21)
}
[2021-12-26T01:08:15.274] [ERROR] LibLog - [Arguments] {
  '0': SyntaxError: Unexpected end of JSON input
      at JSON.parse (<anonymous>)
      at Function.Libs.decodeTokenCrypto (/Volumes/Data/Sources/solars/apiserver/app/utils/Libs.js:597:15)
      at IncomingMessage.<anonymous> (/Volumes/Data/Sources/solars/apiserver/app/core/Router.js:85:23)
      at IncomingMessage.emit (events.js:326:22)
      at IncomingMessage.EventEmitter.emit (domain.js:548:15)
      at endReadableNT (_stream_readable.js:1252:12)
      at processTicksAndRejections (internal/process/task_queues.js:80:21)
}
[2021-12-26T01:10:53.349] [ERROR] LibLog - [Arguments] {
  '0': SyntaxError: Unexpected end of JSON input
      at JSON.parse (<anonymous>)
      at Function.Libs.decodeTokenCrypto (/Volumes/Data/Sources/solars/apiserver/app/utils/Libs.js:597:15)
      at IncomingMessage.<anonymous> (/Volumes/Data/Sources/solars/apiserver/app/core/Router.js:85:23)
      at IncomingMessage.emit (events.js:326:22)
      at IncomingMessage.EventEmitter.emit (domain.js:548:15)
      at endReadableNT (_stream_readable.js:1252:12)
      at processTicksAndRejections (internal/process/task_queues.js:80:21)
}
[2021-12-26T13:47:23.551] [ERROR] LibLog - [Arguments] {
  '0': SyntaxError: Unexpected end of JSON input
      at JSON.parse (<anonymous>)
      at Function.Libs.decodeTokenCrypto (/Volumes/Data/Sources/solars/apiserver/app/utils/Libs.js:597:15)
      at IncomingMessage.<anonymous> (/Volumes/Data/Sources/solars/apiserver/app/core/Router.js:85:23)
      at IncomingMessage.emit (events.js:326:22)
      at IncomingMessage.EventEmitter.emit (domain.js:548:15)
      at endReadableNT (_stream_readable.js:1252:12)
      at processTicksAndRejections (internal/process/task_queues.js:80:21)
}
[2022-01-01T20:14:36.285] [ERROR] LibLog - [Arguments] {
  '0': SyntaxError: Unexpected end of JSON input
      at JSON.parse (<anonymous>)
      at Function.Libs.decodeTokenCrypto (/Volumes/Data/Sources/solars/apiserver/app/utils/Libs.js:597:15)
      at IncomingMessage.<anonymous> (/Volumes/Data/Sources/solars/apiserver/app/core/Router.js:85:23)
      at IncomingMessage.emit (events.js:326:22)
      at IncomingMessage.EventEmitter.emit (domain.js:548:15)
      at endReadableNT (_stream_readable.js:1252:12)
      at processTicksAndRejections (internal/process/task_queues.js:80:21)
}
[2022-01-04T21:27:12.132] [ERROR] LibLog - [Arguments] {
  '0': SyntaxError: Unexpected end of JSON input
      at JSON.parse (<anonymous>)
      at Function.Libs.decodeTokenCrypto (/Volumes/Data/Sources/solars/apiserver/app/utils/Libs.js:597:15)
      at IncomingMessage.<anonymous> (/Volumes/Data/Sources/solars/apiserver/app/core/Router.js:85:23)
      at IncomingMessage.emit (events.js:326:22)
      at IncomingMessage.EventEmitter.emit (domain.js:548:15)
      at endReadableNT (_stream_readable.js:1252:12)
      at processTicksAndRejections (internal/process/task_queues.js:80:21)
}
[2022-01-04T22:22:55.284] [ERROR] LibLog - [Arguments] {
  '0': SyntaxError: Unexpected end of JSON input
      at JSON.parse (<anonymous>)
      at Function.Libs.decodeTokenCrypto (/Volumes/Data/Sources/solars/apiserver/app/utils/Libs.js:597:15)
      at IncomingMessage.<anonymous> (/Volumes/Data/Sources/solars/apiserver/app/core/Router.js:85:23)
      at IncomingMessage.emit (events.js:326:22)
      at IncomingMessage.EventEmitter.emit (domain.js:548:15)
      at endReadableNT (_stream_readable.js:1252:12)
      at processTicksAndRejections (internal/process/task_queues.js:80:21)
}
[2022-01-04T22:23:10.103] [ERROR] LibLog - [Arguments] {
  '0': SyntaxError: Unexpected end of JSON input
      at JSON.parse (<anonymous>)
      at Function.Libs.decodeTokenCrypto (/Volumes/Data/Sources/solars/apiserver/app/utils/Libs.js:597:15)
      at IncomingMessage.<anonymous> (/Volumes/Data/Sources/solars/apiserver/app/core/Router.js:85:23)
      at IncomingMessage.emit (events.js:326:22)
      at IncomingMessage.EventEmitter.emit (domain.js:548:15)
      at endReadableNT (_stream_readable.js:1252:12)
      at processTicksAndRejections (internal/process/task_queues.js:80:21)
}
[2022-01-04T22:24:24.855] [ERROR] LibLog - [Arguments] {
  '0': SyntaxError: Unexpected end of JSON input
      at JSON.parse (<anonymous>)
      at Function.Libs.decodeTokenCrypto (/Volumes/Data/Sources/solars/apiserver/app/utils/Libs.js:597:15)
      at IncomingMessage.<anonymous> (/Volumes/Data/Sources/solars/apiserver/app/core/Router.js:85:23)
      at IncomingMessage.emit (events.js:326:22)
      at IncomingMessage.EventEmitter.emit (domain.js:548:15)
      at endReadableNT (_stream_readable.js:1252:12)
      at processTicksAndRejections (internal/process/task_queues.js:80:21)
}
[2022-01-04T23:06:05.167] [ERROR] LibLog - [Arguments] {
  '0': SyntaxError: Unexpected end of JSON input
      at JSON.parse (<anonymous>)
      at Function.Libs.decodeTokenCrypto (/Volumes/Data/Sources/solars/apiserver/app/utils/Libs.js:597:15)
      at IncomingMessage.<anonymous> (/Volumes/Data/Sources/solars/apiserver/app/core/Router.js:85:23)
      at IncomingMessage.emit (events.js:326:22)
      at IncomingMessage.EventEmitter.emit (domain.js:548:15)
      at endReadableNT (_stream_readable.js:1252:12)
      at processTicksAndRejections (internal/process/task_queues.js:80:21)
}
[2022-01-18T23:23:32.661] [ERROR] LibLog - [Arguments] {
  '0': SyntaxError: Unexpected end of JSON input
      at JSON.parse (<anonymous>)
      at Function.Libs.decodeTokenCrypto (/Volumes/Data/Sources/solars/apiserver/app/utils/Libs.js:597:15)
      at IncomingMessage.<anonymous> (/Volumes/Data/Sources/solars/apiserver/app/core/Router.js:85:23)
      at IncomingMessage.emit (events.js:326:22)
      at IncomingMessage.EventEmitter.emit (domain.js:548:15)
      at endReadableNT (_stream_readable.js:1252:12)
      at processTicksAndRejections (internal/process/task_queues.js:80:21)
}
[2022-01-20T22:14:11.592] [ERROR] LibLog - [Arguments] {
  '0': SyntaxError: Unexpected end of JSON input
      at JSON.parse (<anonymous>)
      at Function.Libs.decodeTokenCrypto (/Volumes/Data/Sources/solars/apiserver/app/utils/Libs.js:597:15)
      at IncomingMessage.<anonymous> (/Volumes/Data/Sources/solars/apiserver/app/core/Router.js:85:23)
      at IncomingMessage.emit (events.js:326:22)
      at IncomingMessage.EventEmitter.emit (domain.js:548:15)
      at endReadableNT (_stream_readable.js:1252:12)
      at processTicksAndRejections (internal/process/task_queues.js:80:21)
}
[2022-01-21T21:52:29.242] [ERROR] LibLog - [Arguments] {
  '0': SyntaxError: Unexpected end of JSON input
      at JSON.parse (<anonymous>)
      at Function.Libs.decodeTokenCrypto (/Volumes/Data/Sources/solars/apiserver/app/utils/Libs.js:597:15)
      at IncomingMessage.<anonymous> (/Volumes/Data/Sources/solars/apiserver/app/core/Router.js:85:23)
      at IncomingMessage.emit (events.js:326:22)
      at IncomingMessage.EventEmitter.emit (domain.js:548:15)
      at endReadableNT (_stream_readable.js:1252:12)
      at processTicksAndRejections (internal/process/task_queues.js:80:21)
}
[2022-01-25T14:12:18.023] [ERROR] LibLog - [Arguments] {
  '0': SyntaxError: Unexpected end of JSON input
      at JSON.parse (<anonymous>)
      at Function.Libs.decodeTokenCrypto (/Volumes/Data/Sources/solars/apiserver/app/utils/Libs.js:597:15)
      at IncomingMessage.<anonymous> (/Volumes/Data/Sources/solars/apiserver/app/core/Router.js:85:23)
      at IncomingMessage.emit (events.js:326:22)
      at IncomingMessage.EventEmitter.emit (domain.js:548:15)
      at endReadableNT (_stream_readable.js:1252:12)
      at processTicksAndRejections (internal/process/task_queues.js:80:21)
}
[2022-01-28T10:31:22.819] [ERROR] LibLog - [Arguments] {
  '0': SyntaxError: Unexpected end of JSON input
      at JSON.parse (<anonymous>)
      at Function.Libs.decodeTokenCrypto (/Volumes/Data/Sources/solars/apiserver/app/utils/Libs.js:597:15)
      at IncomingMessage.<anonymous> (/Volumes/Data/Sources/solars/apiserver/app/core/Router.js:85:23)
      at IncomingMessage.emit (events.js:326:22)
      at IncomingMessage.EventEmitter.emit (domain.js:548:15)
      at endReadableNT (_stream_readable.js:1252:12)
      at processTicksAndRejections (internal/process/task_queues.js:80:21)
}
[2022-01-28T14:30:09.015] [ERROR] LibLog - [Arguments] {
  '0': SyntaxError: Unexpected end of JSON input
      at JSON.parse (<anonymous>)
      at Function.Libs.decodeTokenCrypto (/Volumes/Data/Sources/solars/apiserver/app/utils/Libs.js:597:15)
      at IncomingMessage.<anonymous> (/Volumes/Data/Sources/solars/apiserver/app/core/Router.js:85:23)
      at IncomingMessage.emit (events.js:326:22)
      at IncomingMessage.EventEmitter.emit (domain.js:548:15)
      at endReadableNT (_stream_readable.js:1252:12)
      at processTicksAndRejections (internal/process/task_queues.js:80:21)
}
[2022-01-28T14:32:07.767] [ERROR] LibLog - [Arguments] {
  '0': SyntaxError: Unexpected end of JSON input
      at JSON.parse (<anonymous>)
      at Function.Libs.decodeTokenCrypto (/Volumes/Data/Sources/solars/apiserver/app/utils/Libs.js:597:15)
      at IncomingMessage.<anonymous> (/Volumes/Data/Sources/solars/apiserver/app/core/Router.js:85:23)
      at IncomingMessage.emit (events.js:326:22)
      at IncomingMessage.EventEmitter.emit (domain.js:548:15)
      at endReadableNT (_stream_readable.js:1252:12)
      at processTicksAndRejections (internal/process/task_queues.js:80:21)
}
[2022-02-26T21:55:54.610] [ERROR] LibLog - [Arguments] {
  '0': SyntaxError: Unexpected end of JSON input
      at JSON.parse (<anonymous>)
      at Function.Libs.decodeTokenCrypto (/Volumes/Data/Sources/solars/apiserver/app/utils/Libs.js:597:15)
      at IncomingMessage.<anonymous> (/Volumes/Data/Sources/solars/apiserver/app/core/Router.js:85:23)
      at IncomingMessage.emit (events.js:326:22)
      at IncomingMessage.EventEmitter.emit (domain.js:548:15)
      at endReadableNT (_stream_readable.js:1252:12)
      at processTicksAndRejections (internal/process/task_queues.js:80:21)
}
[2022-02-27T22:52:50.226] [ERROR] LibLog - [Arguments] {
  '0': SyntaxError: Unexpected end of JSON input
      at JSON.parse (<anonymous>)
      at Function.Libs.decodeTokenCrypto (/Volumes/Data/Sources/solars/apiserver/app/utils/Libs.js:597:15)
      at IncomingMessage.<anonymous> (/Volumes/Data/Sources/solars/apiserver/app/core/Router.js:85:23)
      at IncomingMessage.emit (events.js:326:22)
      at IncomingMessage.EventEmitter.emit (domain.js:548:15)
      at endReadableNT (_stream_readable.js:1252:12)
      at processTicksAndRejections (internal/process/task_queues.js:80:21)
}
[2022-03-01T23:03:19.997] [ERROR] LibLog - [Arguments] {
  '0': SyntaxError: Unexpected end of JSON input
      at JSON.parse (<anonymous>)
      at Function.Libs.decodeTokenCrypto (/Volumes/Data/Sources/solars/apiserver/app/utils/Libs.js:597:15)
      at IncomingMessage.<anonymous> (/Volumes/Data/Sources/solars/apiserver/app/core/Router.js:85:23)
      at IncomingMessage.emit (events.js:326:22)
      at IncomingMessage.EventEmitter.emit (domain.js:548:15)
      at endReadableNT (_stream_readable.js:1252:12)
      at processTicksAndRejections (internal/process/task_queues.js:80:21)
}
[2022-03-01T23:23:14.780] [ERROR] LibLog - [Arguments] {
  '0': SyntaxError: Unexpected end of JSON input
      at JSON.parse (<anonymous>)
      at Function.Libs.decodeTokenCrypto (/Volumes/Data/Sources/solars/apiserver/app/utils/Libs.js:597:15)
      at IncomingMessage.<anonymous> (/Volumes/Data/Sources/solars/apiserver/app/core/Router.js:85:23)
      at IncomingMessage.emit (events.js:326:22)
      at IncomingMessage.EventEmitter.emit (domain.js:548:15)
      at endReadableNT (_stream_readable.js:1252:12)
      at processTicksAndRejections (internal/process/task_queues.js:80:21)
}
[2022-03-01T23:24:02.393] [ERROR] LibLog - [Arguments] {
  '0': SyntaxError: Unexpected end of JSON input
      at JSON.parse (<anonymous>)
      at Function.Libs.decodeTokenCrypto (/Volumes/Data/Sources/solars/apiserver/app/utils/Libs.js:597:15)
      at IncomingMessage.<anonymous> (/Volumes/Data/Sources/solars/apiserver/app/core/Router.js:85:23)
      at IncomingMessage.emit (events.js:326:22)
      at IncomingMessage.EventEmitter.emit (domain.js:548:15)
      at endReadableNT (_stream_readable.js:1252:12)
      at processTicksAndRejections (internal/process/task_queues.js:80:21)
}
[2022-03-05T14:07:05.339] [ERROR] LibLog - [Arguments] {
  '0': SyntaxError: Unexpected end of JSON input
      at JSON.parse (<anonymous>)
      at Function.Libs.decodeTokenCrypto (/Volumes/Data/Sources/solars/apiserver/app/utils/Libs.js:597:15)
      at IncomingMessage.<anonymous> (/Volumes/Data/Sources/solars/apiserver/app/core/Router.js:85:23)
      at IncomingMessage.emit (events.js:326:22)
      at IncomingMessage.EventEmitter.emit (domain.js:548:15)
      at endReadableNT (_stream_readable.js:1252:12)
      at processTicksAndRejections (internal/process/task_queues.js:80:21)
}
[2022-03-06T13:43:02.519] [ERROR] LibLog - [Arguments] {
  '0': SyntaxError: Unexpected end of JSON input
      at JSON.parse (<anonymous>)
      at Function.Libs.decodeTokenCrypto (/Volumes/Data/Sources/solars/apiserver/app/utils/Libs.js:597:15)
      at IncomingMessage.<anonymous> (/Volumes/Data/Sources/solars/apiserver/app/core/Router.js:85:23)
      at IncomingMessage.emit (events.js:326:22)
      at IncomingMessage.EventEmitter.emit (domain.js:548:15)
      at endReadableNT (_stream_readable.js:1252:12)
      at processTicksAndRejections (internal/process/task_queues.js:80:21)
}
[2022-03-06T13:43:20.805] [ERROR] LibLog - [Arguments] {
  '0': SyntaxError: Unexpected end of JSON input
      at JSON.parse (<anonymous>)
      at Function.Libs.decodeTokenCrypto (/Volumes/Data/Sources/solars/apiserver/app/utils/Libs.js:597:15)
      at IncomingMessage.<anonymous> (/Volumes/Data/Sources/solars/apiserver/app/core/Router.js:85:23)
      at IncomingMessage.emit (events.js:326:22)
      at IncomingMessage.EventEmitter.emit (domain.js:548:15)
      at endReadableNT (_stream_readable.js:1252:12)
      at processTicksAndRejections (internal/process/task_queues.js:80:21)
}
[2022-03-07T21:03:08.343] [ERROR] LibLog - [Arguments] {
  '0': SyntaxError: Unexpected end of JSON input
      at JSON.parse (<anonymous>)
      at Function.Libs.decodeTokenCrypto (/Volumes/Data/Sources/solars/apiserver/app/utils/Libs.js:597:15)
      at IncomingMessage.<anonymous> (/Volumes/Data/Sources/solars/apiserver/app/core/Router.js:85:23)
      at IncomingMessage.emit (events.js:326:22)
      at IncomingMessage.EventEmitter.emit (domain.js:548:15)
      at endReadableNT (_stream_readable.js:1252:12)
      at processTicksAndRejections (internal/process/task_queues.js:80:21)
}
[2022-03-08T23:38:18.709] [ERROR] LibLog - [Arguments] {
  '0': SyntaxError: Unexpected end of JSON input
      at JSON.parse (<anonymous>)
      at Function.Libs.decodeTokenCrypto (/Volumes/Data/Sources/solars/apiserver/app/utils/Libs.js:597:15)
      at IncomingMessage.<anonymous> (/Volumes/Data/Sources/solars/apiserver/app/core/Router.js:85:23)
      at IncomingMessage.emit (events.js:326:22)
      at IncomingMessage.EventEmitter.emit (domain.js:548:15)
      at endReadableNT (_stream_readable.js:1252:12)
      at processTicksAndRejections (internal/process/task_queues.js:80:21)
}
[2022-03-09T20:52:50.106] [ERROR] LibLog - [Arguments] {
  '0': SyntaxError: Unexpected end of JSON input
      at JSON.parse (<anonymous>)
      at Function.Libs.decodeTokenCrypto (/Volumes/Data/Sources/solars/apiserver/app/utils/Libs.js:597:15)
      at IncomingMessage.<anonymous> (/Volumes/Data/Sources/solars/apiserver/app/core/Router.js:85:23)
      at IncomingMessage.emit (events.js:326:22)
      at IncomingMessage.EventEmitter.emit (domain.js:548:15)
      at endReadableNT (_stream_readable.js:1252:12)
      at processTicksAndRejections (internal/process/task_queues.js:80:21)
}
[2022-03-10T23:13:16.484] [ERROR] LibLog - [Arguments] {
  '0': SyntaxError: Unexpected end of JSON input
      at JSON.parse (<anonymous>)
      at Function.Libs.decodeTokenCrypto (/Volumes/Data/Sources/solars/apiserver/app/utils/Libs.js:597:15)
      at IncomingMessage.<anonymous> (/Volumes/Data/Sources/solars/apiserver/app/core/Router.js:85:23)
      at IncomingMessage.emit (events.js:326:22)
      at IncomingMessage.EventEmitter.emit (domain.js:548:15)
      at endReadableNT (_stream_readable.js:1252:12)
      at processTicksAndRejections (internal/process/task_queues.js:80:21)
}
[2022-03-11T22:22:45.302] [ERROR] LibLog - [Arguments] {
  '0': SyntaxError: Unexpected end of JSON input
      at JSON.parse (<anonymous>)
      at Function.Libs.decodeTokenCrypto (/Volumes/Data/Sources/solars/apiserver/app/utils/Libs.js:597:15)
      at IncomingMessage.<anonymous> (/Volumes/Data/Sources/solars/apiserver/app/core/Router.js:85:23)
      at IncomingMessage.emit (events.js:326:22)
      at IncomingMessage.EventEmitter.emit (domain.js:548:15)
      at endReadableNT (_stream_readable.js:1252:12)
      at processTicksAndRejections (internal/process/task_queues.js:80:21)
}
[2022-03-12T14:02:05.572] [ERROR] LibLog - [Arguments] {
  '0': SyntaxError: Unexpected end of JSON input
      at JSON.parse (<anonymous>)
      at Function.Libs.decodeTokenCrypto (/Volumes/Data/Sources/solars/apiserver/app/utils/Libs.js:597:15)
      at IncomingMessage.<anonymous> (/Volumes/Data/Sources/solars/apiserver/app/core/Router.js:85:23)
      at IncomingMessage.emit (events.js:326:22)
      at IncomingMessage.EventEmitter.emit (domain.js:548:15)
      at endReadableNT (_stream_readable.js:1252:12)
      at processTicksAndRejections (internal/process/task_queues.js:80:21)
}
[2022-03-12T17:31:20.724] [ERROR] LibLog - [Arguments] {
  '0': SyntaxError: Unexpected end of JSON input
      at JSON.parse (<anonymous>)
      at Function.Libs.decodeTokenCrypto (/Volumes/Data/Sources/solars/apiserver/app/utils/Libs.js:597:15)
      at IncomingMessage.<anonymous> (/Volumes/Data/Sources/solars/apiserver/app/core/Router.js:85:23)
      at IncomingMessage.emit (events.js:326:22)
      at IncomingMessage.EventEmitter.emit (domain.js:548:15)
      at endReadableNT (_stream_readable.js:1252:12)
      at processTicksAndRejections (internal/process/task_queues.js:80:21)
}
[2022-03-20T21:02:01.943] [ERROR] LibLog - [Arguments] {
  '0': SyntaxError: Unexpected end of JSON input
      at JSON.parse (<anonymous>)
      at Function.Libs.decodeTokenCrypto (/Volumes/Data/sources/solars/apiserver/app/utils/Libs.js:597:15)
      at IncomingMessage.<anonymous> (/Volumes/Data/sources/solars/apiserver/app/core/Router.js:85:23)
      at IncomingMessage.emit (events.js:412:35)
      at IncomingMessage.emit (domain.js:537:15)
      at endReadableNT (internal/streams/readable.js:1334:12)
      at processTicksAndRejections (internal/process/task_queues.js:82:21)
}
[2022-03-20T21:03:28.906] [ERROR] LibLog - [Arguments] {
  '0': SyntaxError: Unexpected end of JSON input
      at JSON.parse (<anonymous>)
      at Function.Libs.decodeTokenCrypto (/Volumes/Data/sources/solars/apiserver/app/utils/Libs.js:597:15)
      at IncomingMessage.<anonymous> (/Volumes/Data/sources/solars/apiserver/app/core/Router.js:85:23)
      at IncomingMessage.emit (events.js:412:35)
      at IncomingMessage.emit (domain.js:537:15)
      at endReadableNT (internal/streams/readable.js:1334:12)
      at processTicksAndRejections (internal/process/task_queues.js:82:21)
}
[2022-03-20T21:10:43.559] [ERROR] LibLog - [Arguments] {
  '0': SyntaxError: Unexpected end of JSON input
      at JSON.parse (<anonymous>)
      at Function.Libs.decodeTokenCrypto (/Volumes/Data/sources/solars/apiserver/app/utils/Libs.js:597:15)
      at IncomingMessage.<anonymous> (/Volumes/Data/sources/solars/apiserver/app/core/Router.js:85:23)
      at IncomingMessage.emit (events.js:412:35)
      at IncomingMessage.emit (domain.js:537:15)
      at endReadableNT (internal/streams/readable.js:1334:12)
      at processTicksAndRejections (internal/process/task_queues.js:82:21)
}
[2022-03-20T21:13:13.674] [ERROR] LibLog - [Arguments] {
  '0': SyntaxError: Unexpected end of JSON input
      at JSON.parse (<anonymous>)
      at Function.Libs.decodeTokenCrypto (/Volumes/Data/sources/solars/apiserver/app/utils/Libs.js:597:15)
      at IncomingMessage.<anonymous> (/Volumes/Data/sources/solars/apiserver/app/core/Router.js:85:23)
      at IncomingMessage.emit (events.js:412:35)
      at IncomingMessage.emit (domain.js:537:15)
      at endReadableNT (internal/streams/readable.js:1334:12)
      at processTicksAndRejections (internal/process/task_queues.js:82:21)
}
[2022-03-21T22:30:31.063] [ERROR] LibLog - [Arguments] {
  '0': SyntaxError: Unexpected end of JSON input
      at JSON.parse (<anonymous>)
      at Function.Libs.decodeTokenCrypto (/Volumes/Data/sources/solars/apiserver/app/utils/Libs.js:597:15)
      at IncomingMessage.<anonymous> (/Volumes/Data/sources/solars/apiserver/app/core/Router.js:85:23)
      at IncomingMessage.emit (events.js:412:35)
      at IncomingMessage.emit (domain.js:537:15)
      at endReadableNT (internal/streams/readable.js:1334:12)
      at processTicksAndRejections (internal/process/task_queues.js:82:21)
}
[2022-03-22T22:10:09.661] [ERROR] LibLog - [Arguments] {
  '0': SyntaxError: Unexpected end of JSON input
      at JSON.parse (<anonymous>)
      at Function.Libs.decodeTokenCrypto (/Volumes/Data/sources/solars/apiserver/app/utils/Libs.js:597:15)
      at IncomingMessage.<anonymous> (/Volumes/Data/sources/solars/apiserver/app/core/Router.js:85:23)
      at IncomingMessage.emit (events.js:412:35)
      at IncomingMessage.emit (domain.js:537:15)
      at endReadableNT (internal/streams/readable.js:1334:12)
      at processTicksAndRejections (internal/process/task_queues.js:82:21)
}
[2022-03-22T22:10:19.654] [ERROR] LibLog - [Arguments] {
  '0': SyntaxError: Unexpected end of JSON input
      at JSON.parse (<anonymous>)
      at Function.Libs.decodeTokenCrypto (/Volumes/Data/sources/solars/apiserver/app/utils/Libs.js:597:15)
      at IncomingMessage.<anonymous> (/Volumes/Data/sources/solars/apiserver/app/core/Router.js:85:23)
      at IncomingMessage.emit (events.js:412:35)
      at IncomingMessage.emit (domain.js:537:15)
      at endReadableNT (internal/streams/readable.js:1334:12)
      at processTicksAndRejections (internal/process/task_queues.js:82:21)
}
[2022-03-22T22:10:43.706] [ERROR] LibLog - [Arguments] {
  '0': SyntaxError: Unexpected end of JSON input
      at JSON.parse (<anonymous>)
      at Function.Libs.decodeTokenCrypto (/Volumes/Data/sources/solars/apiserver/app/utils/Libs.js:597:15)
      at IncomingMessage.<anonymous> (/Volumes/Data/sources/solars/apiserver/app/core/Router.js:85:23)
      at IncomingMessage.emit (events.js:412:35)
      at IncomingMessage.emit (domain.js:537:15)
      at endReadableNT (internal/streams/readable.js:1334:12)
      at processTicksAndRejections (internal/process/task_queues.js:82:21)
}
[2022-03-22T22:11:43.452] [ERROR] LibLog - [Arguments] {
  '0': SyntaxError: Unexpected end of JSON input
      at JSON.parse (<anonymous>)
      at Function.Libs.decodeTokenCrypto (/Volumes/Data/sources/solars/apiserver/app/utils/Libs.js:597:15)
      at IncomingMessage.<anonymous> (/Volumes/Data/sources/solars/apiserver/app/core/Router.js:85:23)
      at IncomingMessage.emit (events.js:412:35)
      at IncomingMessage.emit (domain.js:537:15)
      at endReadableNT (internal/streams/readable.js:1334:12)
      at processTicksAndRejections (internal/process/task_queues.js:82:21)
}
[2022-06-04T13:55:06.776] [ERROR] LibLog - [Arguments] {
  '0': SyntaxError: Unexpected end of JSON input
      at JSON.parse (<anonymous>)
      at Function.Libs.decodeTokenCrypto (/Volumes/Data/sources/solars/apiserver/app/utils/Libs.js:597:15)
      at IncomingMessage.<anonymous> (/Volumes/Data/sources/solars/apiserver/app/core/Router.js:85:23)
      at IncomingMessage.emit (events.js:412:35)
      at IncomingMessage.emit (domain.js:537:15)
      at endReadableNT (internal/streams/readable.js:1334:12)
      at processTicksAndRejections (internal/process/task_queues.js:82:21)
}
[2022-06-04T13:56:54.707] [ERROR] LibLog - [Arguments] {
  '0': SyntaxError: Unexpected end of JSON input
      at JSON.parse (<anonymous>)
      at Function.Libs.decodeTokenCrypto (/Volumes/Data/sources/solars/apiserver/app/utils/Libs.js:597:15)
      at IncomingMessage.<anonymous> (/Volumes/Data/sources/solars/apiserver/app/core/Router.js:85:23)
      at IncomingMessage.emit (events.js:412:35)
      at IncomingMessage.emit (domain.js:537:15)
      at endReadableNT (internal/streams/readable.js:1334:12)
      at processTicksAndRejections (internal/process/task_queues.js:82:21)
}
[2022-06-04T14:10:04.353] [ERROR] LibLog - [Arguments] {
  '0': SyntaxError: Unexpected end of JSON input
      at JSON.parse (<anonymous>)
      at Function.Libs.decodeTokenCrypto (/Volumes/Data/sources/solars/apiserver/app/utils/Libs.js:597:15)
      at IncomingMessage.<anonymous> (/Volumes/Data/sources/solars/apiserver/app/core/Router.js:85:23)
      at IncomingMessage.emit (events.js:412:35)
      at IncomingMessage.emit (domain.js:537:15)
      at endReadableNT (internal/streams/readable.js:1334:12)
      at processTicksAndRejections (internal/process/task_queues.js:82:21)
}
[2022-06-04T14:25:22.421] [ERROR] LibLog - [Arguments] {
  '0': SyntaxError: Unexpected end of JSON input
      at JSON.parse (<anonymous>)
      at Function.Libs.decodeTokenCrypto (/Volumes/Data/sources/solars/apiserver/app/utils/Libs.js:597:15)
      at IncomingMessage.<anonymous> (/Volumes/Data/sources/solars/apiserver/app/core/Router.js:85:23)
      at IncomingMessage.emit (events.js:412:35)
      at IncomingMessage.emit (domain.js:537:15)
      at endReadableNT (internal/streams/readable.js:1334:12)
      at processTicksAndRejections (internal/process/task_queues.js:82:21)
}
[2022-06-04T14:29:11.426] [ERROR] LibLog - [Arguments] {
  '0': SyntaxError: Unexpected end of JSON input
      at JSON.parse (<anonymous>)
      at Function.Libs.decodeTokenCrypto (/Volumes/Data/sources/solars/apiserver/app/utils/Libs.js:597:15)
      at IncomingMessage.<anonymous> (/Volumes/Data/sources/solars/apiserver/app/core/Router.js:85:23)
      at IncomingMessage.emit (events.js:412:35)
      at IncomingMessage.emit (domain.js:537:15)
      at endReadableNT (internal/streams/readable.js:1334:12)
      at processTicksAndRejections (internal/process/task_queues.js:82:21)
}
[2022-09-26T21:53:51.011] [ERROR] LibLog - [Arguments] {
  '0': SyntaxError: Unexpected end of JSON input
      at JSON.parse (<anonymous>)
      at Function.Libs.decodeTokenCrypto (/Volumes/Data/sources/solars/apiserver/app/utils/Libs.js:597:15)
      at IncomingMessage.<anonymous> (/Volumes/Data/sources/solars/apiserver/app/core/Router.js:85:23)
      at IncomingMessage.emit (events.js:412:35)
      at IncomingMessage.emit (domain.js:537:15)
      at endReadableNT (internal/streams/readable.js:1334:12)
      at processTicksAndRejections (internal/process/task_queues.js:82:21)
}
[2022-09-26T21:54:13.031] [ERROR] LibLog - [Arguments] {
  '0': SyntaxError: Unexpected end of JSON input
      at JSON.parse (<anonymous>)
      at Function.Libs.decodeTokenCrypto (/Volumes/Data/sources/solars/apiserver/app/utils/Libs.js:597:15)
      at IncomingMessage.<anonymous> (/Volumes/Data/sources/solars/apiserver/app/core/Router.js:85:23)
      at IncomingMessage.emit (events.js:412:35)
      at IncomingMessage.emit (domain.js:537:15)
      at endReadableNT (internal/streams/readable.js:1334:12)
      at processTicksAndRejections (internal/process/task_queues.js:82:21)
}
[2022-09-26T21:57:40.343] [ERROR] LibLog - [Arguments] {
  '0': SyntaxError: Unexpected end of JSON input
      at JSON.parse (<anonymous>)
      at Function.Libs.decodeTokenCrypto (/Volumes/Data/sources/solars/apiserver/app/utils/Libs.js:597:15)
      at IncomingMessage.<anonymous> (/Volumes/Data/sources/solars/apiserver/app/core/Router.js:85:23)
      at IncomingMessage.emit (events.js:412:35)
      at IncomingMessage.emit (domain.js:537:15)
      at endReadableNT (internal/streams/readable.js:1334:12)
      at processTicksAndRejections (internal/process/task_queues.js:82:21)
}
[2022-09-26T21:58:23.437] [ERROR] LibLog - [Arguments] {
  '0': SyntaxError: Unexpected end of JSON input
      at JSON.parse (<anonymous>)
      at Function.Libs.decodeTokenCrypto (/Volumes/Data/sources/solars/apiserver/app/utils/Libs.js:597:15)
      at IncomingMessage.<anonymous> (/Volumes/Data/sources/solars/apiserver/app/core/Router.js:85:23)
      at IncomingMessage.emit (events.js:412:35)
      at IncomingMessage.emit (domain.js:537:15)
      at endReadableNT (internal/streams/readable.js:1334:12)
      at processTicksAndRejections (internal/process/task_queues.js:82:21)
}
[2022-10-16T15:45:04.831] [ERROR] LibLog - [Arguments] {
  '0': SyntaxError: Unexpected end of JSON input
      at JSON.parse (<anonymous>)
      at Function.Libs.decodeTokenCrypto (/Volumes/Data/sources/solars/apiserver/app/utils/Libs.js:597:15)
      at IncomingMessage.<anonymous> (/Volumes/Data/sources/solars/apiserver/app/core/Router.js:85:23)
      at IncomingMessage.emit (events.js:412:35)
      at IncomingMessage.emit (domain.js:537:15)
      at endReadableNT (internal/streams/readable.js:1334:12)
      at processTicksAndRejections (internal/process/task_queues.js:82:21)
}
[2022-12-03T15:16:05.718] [ERROR] LibLog - [Arguments] {
  '0': SyntaxError: Unexpected end of JSON input
      at JSON.parse (<anonymous>)
      at Function.Libs.decodeTokenCrypto (/Volumes/Data/sources/solars/apiserver/app/utils/Libs.js:597:15)
      at IncomingMessage.<anonymous> (/Volumes/Data/sources/solars/apiserver/app/core/Router.js:85:23)
      at IncomingMessage.emit (events.js:412:35)
      at IncomingMessage.emit (domain.js:537:15)
      at endReadableNT (internal/streams/readable.js:1334:12)
      at processTicksAndRejections (internal/process/task_queues.js:82:21)
}
[2023-03-16T22:41:21.705] [ERROR] LibLog - [Arguments] {
  '0': SyntaxError: Unexpected end of JSON input
      at JSON.parse (<anonymous>)
      at Function.Libs.decodeTokenCrypto (/Volumes/Data/sources/solarmon_production/solarmon_apiserver/app/utils/Libs.js:597:15)
      at IncomingMessage.<anonymous> (/Volumes/Data/sources/solarmon_production/solarmon_apiserver/app/core/Router.js:85:23)
      at IncomingMessage.emit (events.js:412:35)
      at IncomingMessage.emit (domain.js:537:15)
      at endReadableNT (internal/streams/readable.js:1334:12)
      at processTicksAndRejections (internal/process/task_queues.js:82:21)
}
[2023-03-16T22:41:29.093] [ERROR] LibLog - [Arguments] {
  '0': SyntaxError: Unexpected end of JSON input
      at JSON.parse (<anonymous>)
      at Function.Libs.decodeTokenCrypto (/Volumes/Data/sources/solarmon_production/solarmon_apiserver/app/utils/Libs.js:597:15)
      at IncomingMessage.<anonymous> (/Volumes/Data/sources/solarmon_production/solarmon_apiserver/app/core/Router.js:85:23)
      at IncomingMessage.emit (events.js:412:35)
      at IncomingMessage.emit (domain.js:537:15)
      at endReadableNT (internal/streams/readable.js:1334:12)
      at processTicksAndRejections (internal/process/task_queues.js:82:21)
}
[2023-03-16T22:41:44.503] [ERROR] LibLog - [Arguments] {
  '0': SyntaxError: Unexpected end of JSON input
      at JSON.parse (<anonymous>)
      at Function.Libs.decodeTokenCrypto (/Volumes/Data/sources/solarmon_production/solarmon_apiserver/app/utils/Libs.js:597:15)
      at IncomingMessage.<anonymous> (/Volumes/Data/sources/solarmon_production/solarmon_apiserver/app/core/Router.js:85:23)
      at IncomingMessage.emit (events.js:412:35)
      at IncomingMessage.emit (domain.js:537:15)
      at endReadableNT (internal/streams/readable.js:1334:12)
      at processTicksAndRejections (internal/process/task_queues.js:82:21)
}
[2023-03-16T22:41:46.729] [ERROR] LibLog - [Arguments] {
  '0': SyntaxError: Unexpected end of JSON input
      at JSON.parse (<anonymous>)
      at Function.Libs.decodeTokenCrypto (/Volumes/Data/sources/solarmon_production/solarmon_apiserver/app/utils/Libs.js:597:15)
      at IncomingMessage.<anonymous> (/Volumes/Data/sources/solarmon_production/solarmon_apiserver/app/core/Router.js:85:23)
      at IncomingMessage.emit (events.js:412:35)
      at IncomingMessage.emit (domain.js:537:15)
      at endReadableNT (internal/streams/readable.js:1334:12)
      at processTicksAndRejections (internal/process/task_queues.js:82:21)
}
[2023-04-08T14:01:10.728] [ERROR] LibLog - [Arguments] {
  '0': SyntaxError: Unexpected end of JSON input
      at JSON.parse (<anonymous>)
      at Function.Libs.decodeTokenCrypto (/Volumes/Data/sources/solarmon_production/solarmon_apiserver/app/utils/Libs.js:597:15)
      at IncomingMessage.<anonymous> (/Volumes/Data/sources/solarmon_production/solarmon_apiserver/app/core/Router.js:85:23)
      at IncomingMessage.emit (events.js:412:35)
      at IncomingMessage.emit (domain.js:537:15)
      at endReadableNT (internal/streams/readable.js:1334:12)
      at processTicksAndRejections (internal/process/task_queues.js:82:21)
}
[2023-04-08T14:01:16.064] [ERROR] LibLog - [Arguments] {
  '0': SyntaxError: Unexpected end of JSON input
      at JSON.parse (<anonymous>)
      at Function.Libs.decodeTokenCrypto (/Volumes/Data/sources/solarmon_production/solarmon_apiserver/app/utils/Libs.js:597:15)
      at IncomingMessage.<anonymous> (/Volumes/Data/sources/solarmon_production/solarmon_apiserver/app/core/Router.js:85:23)
      at IncomingMessage.emit (events.js:412:35)
      at IncomingMessage.emit (domain.js:537:15)
      at endReadableNT (internal/streams/readable.js:1334:12)
      at processTicksAndRejections (internal/process/task_queues.js:82:21)
}
[2023-04-08T14:01:22.545] [ERROR] LibLog - [Arguments] {
  '0': SyntaxError: Unexpected end of JSON input
      at JSON.parse (<anonymous>)
      at Function.Libs.decodeTokenCrypto (/Volumes/Data/sources/solarmon_production/solarmon_apiserver/app/utils/Libs.js:597:15)
      at IncomingMessage.<anonymous> (/Volumes/Data/sources/solarmon_production/solarmon_apiserver/app/core/Router.js:85:23)
      at IncomingMessage.emit (events.js:412:35)
      at IncomingMessage.emit (domain.js:537:15)
      at endReadableNT (internal/streams/readable.js:1334:12)
      at processTicksAndRejections (internal/process/task_queues.js:82:21)
}
